<?xml version="1.0" encoding="UTF-8"?>
<testng-results ignored="0" total="8" passed="8" failed="0" skipped="0">
  <reporter-output>
  </reporter-output>
  <suite started-at="2025-07-09T12:29:09 IST" name="Default suite" finished-at="2025-07-09T12:29:49 IST" duration-ms="40535">
    <groups>
      <group name="cucumber">
        <method signature="AbstractTestNGCucumberTests.runScenario(io.cucumber.testng.PickleWrapper,io.cucumber.testng.FeatureWrapper)[pri:0, instance:Runner.runner@49e53c76]" name="runScenario" class="io.cucumber.testng.AbstractTestNGCucumberTests"/>
      </group> <!-- cucumber -->
    </groups>
    <test started-at="2025-07-09T12:29:09 IST" name="Default test" finished-at="2025-07-09T12:29:49 IST" duration-ms="40535">
      <class name="Runner.runner">
        <test-method is-config="true" signature="setUpClass(org.testng.ITestContext)[pri:0, instance:Runner.runner@49e53c76]" started-at="2025-07-09T12:29:09 IST" name="setUpClass" finished-at="2025-07-09T12:29:10 IST" duration-ms="1073" status="PASS">
          <params>
            <param index="0">
              <value>
                <![CDATA[org.testng.TestRunner@3f3c7bdb]]>
              </value>
            </param>
          </params>
          <reporter-output>
          </reporter-output>
        </test-method> <!-- setUpClass -->
        <test-method signature="runScenario(io.cucumber.testng.PickleWrapper,io.cucumber.testng.FeatureWrapper)[pri:0, instance:Runner.runner@49e53c76]" started-at="2025-07-09T12:29:10 IST" name="runScenario" description="Runs Cucumber Scenarios" data-provider="scenarios" finished-at="2025-07-09T12:29:49 IST" duration-ms="38746" status="PASS">
          <params>
            <param index="0">
              <value>
                <![CDATA["validate  Register home page functiolity"]]>
              </value>
            </param>
            <param index="1">
              <value>
                <![CDATA["Guru 99 Application"]]>
              </value>
            </param>
          </params>
          <reporter-output>
          </reporter-output>
        </test-method> <!-- runScenario -->
        <test-method signature="runScenario(io.cucumber.testng.PickleWrapper,io.cucumber.testng.FeatureWrapper)[pri:0, instance:Runner.runner@49e53c76]" started-at="2025-07-09T12:29:49 IST" name="runScenario" description="Runs Cucumber Scenarios" data-provider="scenarios" finished-at="2025-07-09T12:29:49 IST" duration-ms="54" status="PASS">
          <params>
            <param index="0">
              <value>
                <![CDATA["validate register user functiolity"]]>
              </value>
            </param>
            <param index="1">
              <value>
                <![CDATA["Guru 99 Application"]]>
              </value>
            </param>
          </params>
          <reporter-output>
          </reporter-output>
        </test-method> <!-- runScenario -->
        <test-method signature="runScenario(io.cucumber.testng.PickleWrapper,io.cucumber.testng.FeatureWrapper)[pri:0, instance:Runner.runner@49e53c76]" started-at="2025-07-09T12:29:49 IST" name="runScenario" description="Runs Cucumber Scenarios" data-provider="scenarios" finished-at="2025-07-09T12:29:49 IST" duration-ms="32" status="PASS">
          <params>
            <param index="0">
              <value>
                <![CDATA["validate register user functiolity"]]>
              </value>
            </param>
            <param index="1">
              <value>
                <![CDATA["Guru 99 Application"]]>
              </value>
            </param>
          </params>
          <reporter-output>
          </reporter-output>
        </test-method> <!-- runScenario -->
        <test-method signature="runScenario(io.cucumber.testng.PickleWrapper,io.cucumber.testng.FeatureWrapper)[pri:0, instance:Runner.runner@49e53c76]" started-at="2025-07-09T12:29:49 IST" name="runScenario" description="Runs Cucumber Scenarios" data-provider="scenarios" finished-at="2025-07-09T12:29:49 IST" duration-ms="45" status="PASS">
          <params>
            <param index="0">
              <value>
                <![CDATA["validate register user functiolity"]]>
              </value>
            </param>
            <param index="1">
              <value>
                <![CDATA["Guru 99 Application"]]>
              </value>
            </param>
          </params>
          <reporter-output>
          </reporter-output>
        </test-method> <!-- runScenario -->
        <test-method signature="runScenario(io.cucumber.testng.PickleWrapper,io.cucumber.testng.FeatureWrapper)[pri:0, instance:Runner.runner@49e53c76]" started-at="2025-07-09T12:29:49 IST" name="runScenario" description="Runs Cucumber Scenarios" data-provider="scenarios" finished-at="2025-07-09T12:29:49 IST" duration-ms="53" status="PASS">
          <params>
            <param index="0">
              <value>
                <![CDATA["validate register user functiolity"]]>
              </value>
            </param>
            <param index="1">
              <value>
                <![CDATA["Guru 99 Application"]]>
              </value>
            </param>
          </params>
          <reporter-output>
          </reporter-output>
        </test-method> <!-- runScenario -->
        <test-method signature="runScenario(io.cucumber.testng.PickleWrapper,io.cucumber.testng.FeatureWrapper)[pri:0, instance:Runner.runner@49e53c76]" started-at="2025-07-09T12:29:49 IST" name="runScenario" description="Runs Cucumber Scenarios" data-provider="scenarios" finished-at="2025-07-09T12:29:49 IST" duration-ms="63" status="PASS">
          <params>
            <param index="0">
              <value>
                <![CDATA["validate register user functiolity"]]>
              </value>
            </param>
            <param index="1">
              <value>
                <![CDATA["Guru 99 Application"]]>
              </value>
            </param>
          </params>
          <reporter-output>
          </reporter-output>
        </test-method> <!-- runScenario -->
        <test-method signature="runScenario(io.cucumber.testng.PickleWrapper,io.cucumber.testng.FeatureWrapper)[pri:0, instance:Runner.runner@49e53c76]" started-at="2025-07-09T12:29:49 IST" name="runScenario" description="Runs Cucumber Scenarios" data-provider="scenarios" finished-at="2025-07-09T12:29:49 IST" duration-ms="75" status="PASS">
          <params>
            <param index="0">
              <value>
                <![CDATA["validate register user functiolity"]]>
              </value>
            </param>
            <param index="1">
              <value>
                <![CDATA["Guru 99 Application"]]>
              </value>
            </param>
          </params>
          <reporter-output>
          </reporter-output>
        </test-method> <!-- runScenario -->
        <test-method signature="runScenario(io.cucumber.testng.PickleWrapper,io.cucumber.testng.FeatureWrapper)[pri:0, instance:Runner.runner@49e53c76]" started-at="2025-07-09T12:29:49 IST" name="runScenario" description="Runs Cucumber Scenarios" data-provider="scenarios" finished-at="2025-07-09T12:29:49 IST" duration-ms="81" status="PASS">
          <params>
            <param index="0">
              <value>
                <![CDATA["validate register user functiolity"]]>
              </value>
            </param>
            <param index="1">
              <value>
                <![CDATA["Guru 99 Application"]]>
              </value>
            </param>
          </params>
          <reporter-output>
          </reporter-output>
        </test-method> <!-- runScenario -->
        <test-method is-config="true" signature="tearDownClass()[pri:0, instance:Runner.runner@49e53c76]" started-at="2025-07-09T12:29:49 IST" name="tearDownClass" finished-at="2025-07-09T12:29:49 IST" duration-ms="11" status="PASS">
          <reporter-output>
          </reporter-output>
        </test-method> <!-- tearDownClass -->
      </class> <!-- Runner.runner -->
    </test> <!-- Default test -->
  </suite> <!-- Default suite -->
</testng-results>
